<?xml version="1.0" encoding="UTF-8"?>
<!-- Generated by org.testng.reporters.JUnitXMLReporter -->
<testsuite hostname="gayatekiMacBook-Air.local" ignored="0" name="Test" tests="5" failures="0" timestamp="04 八月 2017 07:59:47 GMT" time="0.081" errors="0">
  <testcase name="f" time="0.016" classname="testNG.testData"/>
  <testcase name="f" time="0.003" classname="testNG.testData"/>
  <testcase name="f" time="0.004" classname="testNG.testData"/>
  <testcase name="f1" time="0.002" classname="testNG.testParameter"/>
  <testcase name="f2" time="0.003" classname="testNG.testParameter"/>
</testsuite> <!-- Test -->
