<?xml version="1.0" encoding="UTF-8"?>
<!-- Generated by org.testng.reporters.JUnitXMLReporter -->
<testsuite hostname="gayatekiMacBook-Air.local" ignored="0" name="Test" tests="5" failures="0" timestamp="08 九月 2017 16:42:49 GMT" time="0.083" errors="0">
  <testcase name="f" time="0.018" classname="testNG.testData"/>
  <testcase name="f" time="0.007" classname="testNG.testData"/>
  <testcase name="f" time="0.003" classname="testNG.testData"/>
  <testcase name="f1" time="0.003" classname="testNG.testParameter"/>
  <testcase name="f2" time="0.003" classname="testNG.testParameter"/>
</testsuite> <!-- Test -->
